{"/Users/lia/projects/CTD-25-26/node-homework/app.js": {"path":"/Users/lia/projects/CTD-25-26/node-homework/app.js","statementMap":{"0":{"start":{"line":1,"column":16},"end":{"line":1,"column":34}},"1":{"start":{"line":2,"column":21},"end":{"line":2,"column":58}},"2":{"start":{"line":3,"column":29},"end":{"line":3,"column":62}},"3":{"start":{"line":4,"column":19},"end":{"line":4,"column":49}},"4":{"start":{"line":5,"column":19},"end":{"line":5,"column":49}},"5":{"start":{"line":6,"column":24},"end":{"line":6,"column":59}},"6":{"start":{"line":7,"column":15},"end":{"line":7,"column":37}},"7":{"start":{"line":8,"column":21},"end":{"line":8,"column":45}},"8":{"start":{"line":9,"column":15},"end":{"line":9,"column":32}},"9":{"start":{"line":10,"column":16},"end":{"line":10,"column":48}},"10":{"start":{"line":11,"column":20},"end":{"line":11,"column":49}},"11":{"start":{"line":13,"column":12},"end":{"line":13,"column":21}},"12":{"start":{"line":14,"column":0},"end":{"line":14,"column":26}},"13":{"start":{"line":16,"column":0},"end":{"line":21,"column":2}},"14":{"start":{"line":23,"column":0},"end":{"line":23,"column":18}},"15":{"start":{"line":25,"column":0},"end":{"line":25,"column":24}},"16":{"start":{"line":26,"column":0},"end":{"line":26,"column":40}},"17":{"start":{"line":28,"column":0},"end":{"line":28,"column":15}},"18":{"start":{"line":30,"column":0},"end":{"line":35,"column":3}},"19":{"start":{"line":31,"column":2},"end":{"line":31,"column":42}},"20":{"start":{"line":32,"column":2},"end":{"line":32,"column":38}},"21":{"start":{"line":33,"column":2},"end":{"line":33,"column":40}},"22":{"start":{"line":34,"column":2},"end":{"line":34,"column":9}},"23":{"start":{"line":37,"column":0},"end":{"line":46,"column":3}},"24":{"start":{"line":38,"column":2},"end":{"line":45,"column":3}},"25":{"start":{"line":39,"column":4},"end":{"line":39,"column":38}},"26":{"start":{"line":40,"column":4},"end":{"line":40,"column":48}},"27":{"start":{"line":42,"column":4},"end":{"line":44,"column":74}},"28":{"start":{"line":48,"column":0},"end":{"line":48,"column":34}},"29":{"start":{"line":49,"column":0},"end":{"line":49,"column":34}},"30":{"start":{"line":50,"column":0},"end":{"line":50,"column":43}},"31":{"start":{"line":52,"column":0},"end":{"line":52,"column":30}},"32":{"start":{"line":53,"column":0},"end":{"line":53,"column":22}},"33":{"start":{"line":55,"column":13},"end":{"line":55,"column":37}},"34":{"start":{"line":56,"column":15},"end":{"line":58,"column":1}},"35":{"start":{"line":57,"column":2},"end":{"line":57,"column":55}},"36":{"start":{"line":60,"column":0},"end":{"line":67,"column":3}},"37":{"start":{"line":61,"column":2},"end":{"line":65,"column":3}},"38":{"start":{"line":62,"column":4},"end":{"line":62,"column":53}},"39":{"start":{"line":64,"column":4},"end":{"line":64,"column":40}},"40":{"start":{"line":66,"column":2},"end":{"line":66,"column":18}},"41":{"start":{"line":69,"column":21},"end":{"line":69,"column":26}},"42":{"start":{"line":71,"column":2},"end":{"line":71,"column":29}},"43":{"start":{"line":71,"column":22},"end":{"line":71,"column":29}},"44":{"start":{"line":72,"column":2},"end":{"line":72,"column":24}},"45":{"start":{"line":73,"column":2},"end":{"line":73,"column":45}},"46":{"start":{"line":74,"column":2},"end":{"line":86,"column":3}},"47":{"start":{"line":75,"column":4},"end":{"line":75,"column":58}},"48":{"start":{"line":75,"column":35},"end":{"line":75,"column":56}},"49":{"start":{"line":76,"column":4},"end":{"line":76,"column":39}},"50":{"start":{"line":77,"column":4},"end":{"line":77,"column":31}},"51":{"start":{"line":78,"column":4},"end":{"line":78,"column":39}},"52":{"start":{"line":81,"column":4},"end":{"line":81,"column":49}},"53":{"start":{"line":82,"column":4},"end":{"line":82,"column":13}},"54":{"start":{"line":84,"column":4},"end":{"line":84,"column":38}},"55":{"start":{"line":85,"column":4},"end":{"line":85,"column":23}},"56":{"start":{"line":89,"column":0},"end":{"line":89,"column":40}},"57":{"start":{"line":89,"column":27},"end":{"line":89,"column":38}},"58":{"start":{"line":90,"column":0},"end":{"line":90,"column":41}},"59":{"start":{"line":90,"column":28},"end":{"line":90,"column":39}},"60":{"start":{"line":91,"column":0},"end":{"line":94,"column":3}},"61":{"start":{"line":92,"column":2},"end":{"line":92,"column":44}},"62":{"start":{"line":93,"column":2},"end":{"line":93,"column":14}},"63":{"start":{"line":95,"column":0},"end":{"line":98,"column":3}},"64":{"start":{"line":96,"column":2},"end":{"line":96,"column":48}},"65":{"start":{"line":97,"column":2},"end":{"line":97,"column":14}},"66":{"start":{"line":100,"column":0},"end":{"line":100,"column":33}}},"fnMap":{"0":{"name":"(anonymous_0)","decl":{"start":{"line":30,"column":8},"end":{"line":30,"column":9}},"loc":{"start":{"line":30,"column":28},"end":{"line":35,"column":1}},"line":30},"1":{"name":"(anonymous_1)","decl":{"start":{"line":37,"column":19},"end":{"line":37,"column":20}},"loc":{"start":{"line":37,"column":39},"end":{"line":46,"column":1}},"line":37},"2":{"name":"(anonymous_2)","decl":{"start":{"line":56,"column":32},"end":{"line":56,"column":33}},"loc":{"start":{"line":57,"column":2},"end":{"line":57,"column":55}},"line":57},"3":{"name":"(anonymous_3)","decl":{"start":{"line":60,"column":19},"end":{"line":60,"column":20}},"loc":{"start":{"line":60,"column":28},"end":{"line":67,"column":1}},"line":60},"4":{"name":"shutdown","decl":{"start":{"line":70,"column":15},"end":{"line":70,"column":23}},"loc":{"start":{"line":70,"column":34},"end":{"line":87,"column":1}},"line":70},"5":{"name":"(anonymous_5)","decl":{"start":{"line":75,"column":22},"end":{"line":75,"column":23}},"loc":{"start":{"line":75,"column":35},"end":{"line":75,"column":56}},"line":75},"6":{"name":"(anonymous_6)","decl":{"start":{"line":89,"column":21},"end":{"line":89,"column":22}},"loc":{"start":{"line":89,"column":27},"end":{"line":89,"column":38}},"line":89},"7":{"name":"(anonymous_7)","decl":{"start":{"line":90,"column":22},"end":{"line":90,"column":23}},"loc":{"start":{"line":90,"column":28},"end":{"line":90,"column":39}},"line":90},"8":{"name":"(anonymous_8)","decl":{"start":{"line":91,"column":32},"end":{"line":91,"column":33}},"loc":{"start":{"line":91,"column":41},"end":{"line":94,"column":1}},"line":91},"9":{"name":"(anonymous_9)","decl":{"start":{"line":95,"column":33},"end":{"line":95,"column":34}},"loc":{"start":{"line":95,"column":45},"end":{"line":98,"column":1}},"line":95}},"branchMap":{"0":{"loc":{"start":{"line":55,"column":13},"end":{"line":55,"column":37}},"type":"binary-expr","locations":[{"start":{"line":55,"column":13},"end":{"line":55,"column":29}},{"start":{"line":55,"column":33},"end":{"line":55,"column":37}}],"line":55},"1":{"loc":{"start":{"line":61,"column":2},"end":{"line":65,"column":3}},"type":"if","locations":[{"start":{"line":61,"column":2},"end":{"line":65,"column":3}},{"start":{"line":63,"column":9},"end":{"line":65,"column":3}}],"line":61},"2":{"loc":{"start":{"line":70,"column":24},"end":{"line":70,"column":32}},"type":"default-arg","locations":[{"start":{"line":70,"column":31},"end":{"line":70,"column":32}}],"line":70},"3":{"loc":{"start":{"line":71,"column":2},"end":{"line":71,"column":29}},"type":"if","locations":[{"start":{"line":71,"column":2},"end":{"line":71,"column":29}},{"start":{},"end":{}}],"line":71}},"s":{"0":1,"1":1,"2":1,"3":1,"4":1,"5":1,"6":1,"7":1,"8":1,"9":1,"10":1,"11":1,"12":1,"13":1,"14":1,"15":1,"16":1,"17":1,"18":1,"19":5,"20":5,"21":5,"22":5,"23":1,"24":0,"25":0,"26":0,"27":0,"28":1,"29":1,"30":1,"31":1,"32":1,"33":1,"34":1,"35":1,"36":1,"37":0,"38":0,"39":0,"40":0,"41":1,"42":0,"43":0,"44":0,"45":0,"46":0,"47":0,"48":0,"49":0,"50":0,"51":0,"52":0,"53":0,"54":0,"55":0,"56":1,"57":0,"58":1,"59":0,"60":1,"61":0,"62":0,"63":1,"64":0,"65":0,"66":1},"f":{"0":5,"1":0,"2":1,"3":0,"4":0,"5":0,"6":0,"7":0,"8":0,"9":0},"b":{"0":[1,1],"1":[0,0],"2":[0],"3":[0,0]},"_coverageSchema":"1a1c01bbd47fc00a2c39e90264f33305004495a9","hash":"6bbcba69c3c1a7d5dfac0a3bf94122a4043effe9"}
,"/Users/lia/projects/CTD-25-26/node-homework/controllers/analyticsController.js": {"path":"/Users/lia/projects/CTD-25-26/node-homework/controllers/analyticsController.js","statementMap":{"0":{"start":{"line":1,"column":15},"end":{"line":1,"column":38}},"1":{"start":{"line":4,"column":17},"end":{"line":4,"column":40}},"2":{"start":{"line":5,"column":2},"end":{"line":9,"column":3}},"3":{"start":{"line":6,"column":4},"end":{"line":8,"column":61}},"4":{"start":{"line":11,"column":2},"end":{"line":13,"column":3}},"5":{"start":{"line":12,"column":4},"end":{"line":12,"column":61}},"6":{"start":{"line":16,"column":20},"end":{"line":22,"column":4}},"7":{"start":{"line":25,"column":22},"end":{"line":40,"column":4}},"8":{"start":{"line":43,"column":21},"end":{"line":43,"column":31}},"9":{"start":{"line":44,"column":2},"end":{"line":44,"column":47}},"10":{"start":{"line":47,"column":25},"end":{"line":54,"column":4}},"11":{"start":{"line":56,"column":2},"end":{"line":60,"column":5}},"12":{"start":{"line":61,"column":2},"end":{"line":61,"column":9}},"13":{"start":{"line":68,"column":15},"end":{"line":68,"column":44}},"14":{"start":{"line":69,"column":16},"end":{"line":69,"column":47}},"15":{"start":{"line":70,"column":15},"end":{"line":70,"column":33}},"16":{"start":{"line":73,"column":22},"end":{"line":73,"column":45}},"17":{"start":{"line":75,"column":2},"end":{"line":80,"column":3}},"18":{"start":{"line":76,"column":4},"end":{"line":79,"column":6}},"19":{"start":{"line":84,"column":19},"end":{"line":100,"column":4}},"20":{"start":{"line":103,"column":16},"end":{"line":110,"column":5}},"21":{"start":{"line":103,"column":40},"end":{"line":110,"column":3}},"22":{"start":{"line":113,"column":21},"end":{"line":113,"column":46}},"23":{"start":{"line":115,"column":21},"end":{"line":122,"column":3}},"24":{"start":{"line":125,"column":2},"end":{"line":128,"column":5}},"25":{"start":{"line":132,"column":22},"end":{"line":132,"column":33}},"26":{"start":{"line":133,"column":2},"end":{"line":137,"column":3}},"27":{"start":{"line":134,"column":4},"end":{"line":136,"column":7}},"28":{"start":{"line":140,"column":16},"end":{"line":140,"column":47}},"29":{"start":{"line":143,"column":24},"end":{"line":143,"column":42}},"30":{"start":{"line":144,"column":21},"end":{"line":144,"column":32}},"31":{"start":{"line":145,"column":21},"end":{"line":145,"column":38}},"32":{"start":{"line":148,"column":24},"end":{"line":170,"column":1}},"33":{"start":{"line":174,"column":2},"end":{"line":178,"column":5}},"34":{"start":{"line":181,"column":0},"end":{"line":181,"column":70}}},"fnMap":{"0":{"name":"getUserAnalytics","decl":{"start":{"line":3,"column":15},"end":{"line":3,"column":31}},"loc":{"start":{"line":3,"column":42},"end":{"line":62,"column":1}},"line":3},"1":{"name":"getUsersWithStats","decl":{"start":{"line":64,"column":15},"end":{"line":64,"column":32}},"loc":{"start":{"line":64,"column":43},"end":{"line":129,"column":1}},"line":64},"2":{"name":"(anonymous_2)","decl":{"start":{"line":103,"column":29},"end":{"line":103,"column":30}},"loc":{"start":{"line":103,"column":40},"end":{"line":110,"column":3}},"line":103},"3":{"name":"searchTasks","decl":{"start":{"line":131,"column":15},"end":{"line":131,"column":26}},"loc":{"start":{"line":131,"column":37},"end":{"line":179,"column":1}},"line":131}},"branchMap":{"0":{"loc":{"start":{"line":5,"column":2},"end":{"line":9,"column":3}},"type":"if","locations":[{"start":{"line":5,"column":2},"end":{"line":9,"column":3}},{"start":{},"end":{}}],"line":5},"1":{"loc":{"start":{"line":11,"column":2},"end":{"line":13,"column":3}},"type":"if","locations":[{"start":{"line":11,"column":2},"end":{"line":13,"column":3}},{"start":{},"end":{}}],"line":11},"2":{"loc":{"start":{"line":68,"column":15},"end":{"line":68,"column":44}},"type":"binary-expr","locations":[{"start":{"line":68,"column":15},"end":{"line":68,"column":39}},{"start":{"line":68,"column":43},"end":{"line":68,"column":44}}],"line":68},"3":{"loc":{"start":{"line":69,"column":16},"end":{"line":69,"column":47}},"type":"binary-expr","locations":[{"start":{"line":69,"column":16},"end":{"line":69,"column":41}},{"start":{"line":69,"column":45},"end":{"line":69,"column":47}}],"line":69},"4":{"loc":{"start":{"line":75,"column":2},"end":{"line":80,"column":3}},"type":"if","locations":[{"start":{"line":75,"column":2},"end":{"line":80,"column":3}},{"start":{},"end":{}}],"line":75},"5":{"loc":{"start":{"line":133,"column":2},"end":{"line":137,"column":3}},"type":"if","locations":[{"start":{"line":133,"column":2},"end":{"line":137,"column":3}},{"start":{},"end":{}}],"line":133},"6":{"loc":{"start":{"line":133,"column":6},"end":{"line":133,"column":51}},"type":"binary-expr","locations":[{"start":{"line":133,"column":6},"end":{"line":133,"column":18}},{"start":{"line":133,"column":22},"end":{"line":133,"column":51}}],"line":133},"7":{"loc":{"start":{"line":140,"column":16},"end":{"line":140,"column":47}},"type":"binary-expr","locations":[{"start":{"line":140,"column":16},"end":{"line":140,"column":41}},{"start":{"line":140,"column":45},"end":{"line":140,"column":47}}],"line":140}},"s":{"0":1,"1":0,"2":0,"3":0,"4":0,"5":0,"6":0,"7":0,"8":0,"9":0,"10":0,"11":0,"12":0,"13":0,"14":0,"15":0,"16":0,"17":0,"18":0,"19":0,"20":0,"21":0,"22":0,"23":0,"24":0,"25":0,"26":0,"27":0,"28":0,"29":0,"30":0,"31":0,"32":0,"33":0,"34":1},"f":{"0":0,"1":0,"2":0,"3":0},"b":{"0":[0,0],"1":[0,0],"2":[0,0],"3":[0,0],"4":[0,0],"5":[0,0],"6":[0,0],"7":[0,0]},"_coverageSchema":"1a1c01bbd47fc00a2c39e90264f33305004495a9","hash":"ee8c1cb24704523f82b11b9db0217ed9a342207c"}
,"/Users/lia/projects/CTD-25-26/node-homework/controllers/taskController.js": {"path":"/Users/lia/projects/CTD-25-26/node-homework/controllers/taskController.js","statementMap":{"0":{"start":{"line":1,"column":20},"end":{"line":1,"column":48}},"1":{"start":{"line":2,"column":40},"end":{"line":2,"column":75}},"2":{"start":{"line":3,"column":24},"end":{"line":3,"column":60}},"3":{"start":{"line":5,"column":15},"end":{"line":5,"column":38}},"4":{"start":{"line":8,"column":2},"end":{"line":8,"column":37}},"5":{"start":{"line":8,"column":20},"end":{"line":8,"column":37}},"6":{"start":{"line":9,"column":20},"end":{"line":9,"column":22}},"7":{"start":{"line":10,"column":2},"end":{"line":14,"column":5}},"8":{"start":{"line":11,"column":25},"end":{"line":11,"column":37}},"9":{"start":{"line":13,"column":4},"end":{"line":13,"column":35}},"10":{"start":{"line":16,"column":2},"end":{"line":16,"column":19}},"11":{"start":{"line":20,"column":27},"end":{"line":23,"column":4}},"12":{"start":{"line":25,"column":2},"end":{"line":28,"column":7}},"13":{"start":{"line":26,"column":4},"end":{"line":28,"column":7}},"14":{"start":{"line":30,"column":32},"end":{"line":30,"column":37}},"15":{"start":{"line":32,"column":15},"end":{"line":32,"column":33}},"16":{"start":{"line":35,"column":22},"end":{"line":35,"column":45}},"17":{"start":{"line":37,"column":2},"end":{"line":42,"column":3}},"18":{"start":{"line":38,"column":4},"end":{"line":41,"column":6}},"19":{"start":{"line":47,"column":2},"end":{"line":66,"column":3}},"20":{"start":{"line":48,"column":4},"end":{"line":48,"column":57}},"21":{"start":{"line":49,"column":4},"end":{"line":57,"column":5}},"22":{"start":{"line":51,"column":8},"end":{"line":51,"column":77}},"23":{"start":{"line":54,"column":6},"end":{"line":56,"column":68}},"24":{"start":{"line":59,"column":4},"end":{"line":65,"column":6}},"25":{"start":{"line":68,"column":2},"end":{"line":117,"column":3}},"26":{"start":{"line":70,"column":18},"end":{"line":84,"column":6}},"27":{"start":{"line":86,"column":4},"end":{"line":89,"column":68}},"28":{"start":{"line":87,"column":6},"end":{"line":89,"column":68}},"29":{"start":{"line":92,"column":23},"end":{"line":94,"column":6}},"30":{"start":{"line":97,"column":23},"end":{"line":104,"column":5}},"31":{"start":{"line":107,"column":4},"end":{"line":110,"column":7}},"32":{"start":{"line":112,"column":4},"end":{"line":116,"column":5}},"33":{"start":{"line":113,"column":6},"end":{"line":113,"column":72}},"34":{"start":{"line":115,"column":6},"end":{"line":115,"column":23}},"35":{"start":{"line":121,"column":17},"end":{"line":121,"column":41}},"36":{"start":{"line":122,"column":2},"end":{"line":126,"column":3}},"37":{"start":{"line":123,"column":4},"end":{"line":125,"column":61}},"38":{"start":{"line":127,"column":2},"end":{"line":155,"column":3}},"39":{"start":{"line":128,"column":17},"end":{"line":145,"column":6}},"40":{"start":{"line":146,"column":4},"end":{"line":147,"column":74}},"41":{"start":{"line":147,"column":6},"end":{"line":147,"column":74}},"42":{"start":{"line":148,"column":4},"end":{"line":148,"column":26}},"43":{"start":{"line":150,"column":4},"end":{"line":154,"column":5}},"44":{"start":{"line":151,"column":6},"end":{"line":151,"column":74}},"45":{"start":{"line":153,"column":6},"end":{"line":153,"column":23}},"46":{"start":{"line":159,"column":2},"end":{"line":159,"column":31}},"47":{"start":{"line":159,"column":17},"end":{"line":159,"column":31}},"48":{"start":{"line":160,"column":27},"end":{"line":160,"column":79}},"49":{"start":{"line":161,"column":2},"end":{"line":162,"column":80}},"50":{"start":{"line":162,"column":4},"end":{"line":162,"column":80}},"51":{"start":{"line":164,"column":43},"end":{"line":164,"column":48}},"52":{"start":{"line":165,"column":17},"end":{"line":165,"column":28}},"53":{"start":{"line":167,"column":13},"end":{"line":167,"column":17}},"54":{"start":{"line":168,"column":2},"end":{"line":176,"column":3}},"55":{"start":{"line":169,"column":4},"end":{"line":172,"column":7}},"56":{"start":{"line":173,"column":4},"end":{"line":173,"column":54}},"57":{"start":{"line":175,"column":4},"end":{"line":175,"column":21}},"58":{"start":{"line":180,"column":17},"end":{"line":180,"column":41}},"59":{"start":{"line":181,"column":2},"end":{"line":185,"column":3}},"60":{"start":{"line":182,"column":4},"end":{"line":184,"column":61}},"61":{"start":{"line":187,"column":2},"end":{"line":202,"column":3}},"62":{"start":{"line":188,"column":17},"end":{"line":194,"column":6}},"63":{"start":{"line":195,"column":4},"end":{"line":195,"column":26}},"64":{"start":{"line":197,"column":4},"end":{"line":201,"column":5}},"65":{"start":{"line":198,"column":6},"end":{"line":198,"column":74}},"66":{"start":{"line":200,"column":6},"end":{"line":200,"column":23}},"67":{"start":{"line":206,"column":2},"end":{"line":206,"column":31}},"68":{"start":{"line":206,"column":17},"end":{"line":206,"column":31}},"69":{"start":{"line":207,"column":27},"end":{"line":209,"column":4}},"70":{"start":{"line":210,"column":2},"end":{"line":211,"column":80}},"71":{"start":{"line":211,"column":4},"end":{"line":211,"column":80}},"72":{"start":{"line":215,"column":25},"end":{"line":215,"column":49}},"73":{"start":{"line":216,"column":2},"end":{"line":220,"column":3}},"74":{"start":{"line":217,"column":4},"end":{"line":219,"column":61}},"75":{"start":{"line":222,"column":2},"end":{"line":238,"column":3}},"76":{"start":{"line":223,"column":17},"end":{"line":230,"column":6}},"77":{"start":{"line":231,"column":4},"end":{"line":231,"column":26}},"78":{"start":{"line":233,"column":4},"end":{"line":237,"column":5}},"79":{"start":{"line":234,"column":6},"end":{"line":234,"column":74}},"80":{"start":{"line":236,"column":6},"end":{"line":236,"column":23}},"81":{"start":{"line":243,"column":20},"end":{"line":243,"column":28}},"82":{"start":{"line":246,"column":2},"end":{"line":250,"column":3}},"83":{"start":{"line":247,"column":4},"end":{"line":249,"column":7}},"84":{"start":{"line":253,"column":21},"end":{"line":253,"column":23}},"85":{"start":{"line":254,"column":2},"end":{"line":268,"column":3}},"86":{"start":{"line":255,"column":29},"end":{"line":255,"column":54}},"87":{"start":{"line":256,"column":4},"end":{"line":261,"column":5}},"88":{"start":{"line":257,"column":6},"end":{"line":260,"column":9}},"89":{"start":{"line":262,"column":4},"end":{"line":267,"column":7}},"90":{"start":{"line":271,"column":2},"end":{"line":284,"column":3}},"91":{"start":{"line":272,"column":19},"end":{"line":275,"column":6}},"92":{"start":{"line":277,"column":4},"end":{"line":281,"column":7}},"93":{"start":{"line":283,"column":4},"end":{"line":283,"column":21}},"94":{"start":{"line":287,"column":0},"end":{"line":287,"column":73}}},"fnMap":{"0":{"name":"createDynamicSelect","decl":{"start":{"line":7,"column":9},"end":{"line":7,"column":28}},"loc":{"start":{"line":7,"column":42},"end":{"line":17,"column":1}},"line":7},"1":{"name":"(anonymous_1)","decl":{"start":{"line":10,"column":33},"end":{"line":10,"column":34}},"loc":{"start":{"line":10,"column":44},"end":{"line":14,"column":3}},"line":10},"2":{"name":"index","decl":{"start":{"line":19,"column":15},"end":{"line":19,"column":20}},"loc":{"start":{"line":19,"column":31},"end":{"line":118,"column":1}},"line":19},"3":{"name":"(anonymous_3)","decl":{"start":{"line":50,"column":39},"end":{"line":50,"column":40}},"loc":{"start":{"line":51,"column":8},"end":{"line":51,"column":77}},"line":51},"4":{"name":"show","decl":{"start":{"line":120,"column":15},"end":{"line":120,"column":19}},"loc":{"start":{"line":120,"column":36},"end":{"line":156,"column":1}},"line":120},"5":{"name":"create","decl":{"start":{"line":158,"column":15},"end":{"line":158,"column":21}},"loc":{"start":{"line":158,"column":38},"end":{"line":177,"column":1}},"line":158},"6":{"name":"deleteTask","decl":{"start":{"line":179,"column":15},"end":{"line":179,"column":25}},"loc":{"start":{"line":179,"column":42},"end":{"line":203,"column":1}},"line":179},"7":{"name":"update","decl":{"start":{"line":205,"column":15},"end":{"line":205,"column":21}},"loc":{"start":{"line":205,"column":38},"end":{"line":239,"column":1}},"line":205},"8":{"name":"bulkCreate","decl":{"start":{"line":241,"column":15},"end":{"line":241,"column":25}},"loc":{"start":{"line":241,"column":42},"end":{"line":285,"column":1}},"line":241}},"branchMap":{"0":{"loc":{"start":{"line":8,"column":2},"end":{"line":8,"column":37}},"type":"if","locations":[{"start":{"line":8,"column":2},"end":{"line":8,"column":37}},{"start":{},"end":{}}],"line":8},"1":{"loc":{"start":{"line":25,"column":2},"end":{"line":28,"column":7}},"type":"if","locations":[{"start":{"line":25,"column":2},"end":{"line":28,"column":7}},{"start":{},"end":{}}],"line":25},"2":{"loc":{"start":{"line":37,"column":2},"end":{"line":42,"column":3}},"type":"if","locations":[{"start":{"line":37,"column":2},"end":{"line":42,"column":3}},{"start":{},"end":{}}],"line":37},"3":{"loc":{"start":{"line":47,"column":2},"end":{"line":66,"column":3}},"type":"if","locations":[{"start":{"line":47,"column":2},"end":{"line":66,"column":3}},{"start":{"line":58,"column":9},"end":{"line":66,"column":3}}],"line":47},"4":{"loc":{"start":{"line":49,"column":4},"end":{"line":57,"column":5}},"type":"if","locations":[{"start":{"line":49,"column":4},"end":{"line":57,"column":5}},{"start":{},"end":{}}],"line":49},"5":{"loc":{"start":{"line":86,"column":4},"end":{"line":89,"column":68}},"type":"if","locations":[{"start":{"line":86,"column":4},"end":{"line":89,"column":68}},{"start":{},"end":{}}],"line":86},"6":{"loc":{"start":{"line":112,"column":4},"end":{"line":116,"column":5}},"type":"if","locations":[{"start":{"line":112,"column":4},"end":{"line":116,"column":5}},{"start":{"line":114,"column":11},"end":{"line":116,"column":5}}],"line":112},"7":{"loc":{"start":{"line":122,"column":2},"end":{"line":126,"column":3}},"type":"if","locations":[{"start":{"line":122,"column":2},"end":{"line":126,"column":3}},{"start":{},"end":{}}],"line":122},"8":{"loc":{"start":{"line":146,"column":4},"end":{"line":147,"column":74}},"type":"if","locations":[{"start":{"line":146,"column":4},"end":{"line":147,"column":74}},{"start":{},"end":{}}],"line":146},"9":{"loc":{"start":{"line":150,"column":4},"end":{"line":154,"column":5}},"type":"if","locations":[{"start":{"line":150,"column":4},"end":{"line":154,"column":5}},{"start":{"line":152,"column":11},"end":{"line":154,"column":5}}],"line":150},"10":{"loc":{"start":{"line":159,"column":2},"end":{"line":159,"column":31}},"type":"if","locations":[{"start":{"line":159,"column":2},"end":{"line":159,"column":31}},{"start":{},"end":{}}],"line":159},"11":{"loc":{"start":{"line":161,"column":2},"end":{"line":162,"column":80}},"type":"if","locations":[{"start":{"line":161,"column":2},"end":{"line":162,"column":80}},{"start":{},"end":{}}],"line":161},"12":{"loc":{"start":{"line":181,"column":2},"end":{"line":185,"column":3}},"type":"if","locations":[{"start":{"line":181,"column":2},"end":{"line":185,"column":3}},{"start":{},"end":{}}],"line":181},"13":{"loc":{"start":{"line":197,"column":4},"end":{"line":201,"column":5}},"type":"if","locations":[{"start":{"line":197,"column":4},"end":{"line":201,"column":5}},{"start":{"line":199,"column":11},"end":{"line":201,"column":5}}],"line":197},"14":{"loc":{"start":{"line":206,"column":2},"end":{"line":206,"column":31}},"type":"if","locations":[{"start":{"line":206,"column":2},"end":{"line":206,"column":31}},{"start":{},"end":{}}],"line":206},"15":{"loc":{"start":{"line":210,"column":2},"end":{"line":211,"column":80}},"type":"if","locations":[{"start":{"line":210,"column":2},"end":{"line":211,"column":80}},{"start":{},"end":{}}],"line":210},"16":{"loc":{"start":{"line":216,"column":2},"end":{"line":220,"column":3}},"type":"if","locations":[{"start":{"line":216,"column":2},"end":{"line":220,"column":3}},{"start":{},"end":{}}],"line":216},"17":{"loc":{"start":{"line":233,"column":4},"end":{"line":237,"column":5}},"type":"if","locations":[{"start":{"line":233,"column":4},"end":{"line":237,"column":5}},{"start":{"line":235,"column":11},"end":{"line":237,"column":5}}],"line":233},"18":{"loc":{"start":{"line":246,"column":2},"end":{"line":250,"column":3}},"type":"if","locations":[{"start":{"line":246,"column":2},"end":{"line":250,"column":3}},{"start":{},"end":{}}],"line":246},"19":{"loc":{"start":{"line":246,"column":6},"end":{"line":246,"column":59}},"type":"binary-expr","locations":[{"start":{"line":246,"column":6},"end":{"line":246,"column":12}},{"start":{"line":246,"column":16},"end":{"line":246,"column":37}},{"start":{"line":246,"column":41},"end":{"line":246,"column":59}}],"line":246},"20":{"loc":{"start":{"line":256,"column":4},"end":{"line":261,"column":5}},"type":"if","locations":[{"start":{"line":256,"column":4},"end":{"line":261,"column":5}},{"start":{},"end":{}}],"line":256},"21":{"loc":{"start":{"line":264,"column":19},"end":{"line":264,"column":45}},"type":"binary-expr","locations":[{"start":{"line":264,"column":19},"end":{"line":264,"column":36}},{"start":{"line":264,"column":40},"end":{"line":264,"column":45}}],"line":264},"22":{"loc":{"start":{"line":265,"column":16},"end":{"line":265,"column":42}},"type":"binary-expr","locations":[{"start":{"line":265,"column":16},"end":{"line":265,"column":30}},{"start":{"line":265,"column":34},"end":{"line":265,"column":42}}],"line":265}},"s":{"0":2,"1":2,"2":2,"3":2,"4":0,"5":0,"6":0,"7":0,"8":0,"9":0,"10":0,"11":5,"12":5,"13":0,"14":5,"15":5,"16":5,"17":4,"18":0,"19":4,"20":0,"21":0,"22":0,"23":0,"24":4,"25":4,"26":4,"27":4,"28":2,"29":2,"30":2,"31":2,"32":0,"33":0,"34":0,"35":2,"36":2,"37":0,"38":2,"39":2,"40":2,"41":1,"42":1,"43":0,"44":0,"45":0,"46":3,"47":0,"48":3,"49":3,"50":0,"51":3,"52":3,"53":2,"54":2,"55":2,"56":1,"57":1,"58":2,"59":2,"60":0,"61":2,"62":2,"63":1,"64":1,"65":1,"66":0,"67":2,"68":0,"69":2,"70":2,"71":0,"72":2,"73":2,"74":0,"75":2,"76":2,"77":1,"78":1,"79":1,"80":0,"81":0,"82":0,"83":0,"84":0,"85":0,"86":0,"87":0,"88":0,"89":0,"90":0,"91":0,"92":0,"93":0,"94":2},"f":{"0":0,"1":0,"2":5,"3":0,"4":2,"5":3,"6":2,"7":2,"8":0},"b":{"0":[0,0],"1":[0,5],"2":[0,4],"3":[0,4],"4":[0,0],"5":[2,2],"6":[0,0],"7":[0,2],"8":[1,1],"9":[0,0],"10":[0,3],"11":[0,3],"12":[0,2],"13":[1,0],"14":[0,2],"15":[0,2],"16":[0,2],"17":[1,0],"18":[0,0],"19":[0,0,0],"20":[0,0],"21":[0,0],"22":[0,0]},"_coverageSchema":"1a1c01bbd47fc00a2c39e90264f33305004495a9","hash":"c4dc2f63ae86953f502f942cc1b08994130ec51d"}
,"/Users/lia/projects/CTD-25-26/node-homework/controllers/userController.js": {"path":"/Users/lia/projects/CTD-25-26/node-homework/controllers/userController.js","statementMap":{"0":{"start":{"line":1,"column":20},"end":{"line":1,"column":48}},"1":{"start":{"line":2,"column":23},"end":{"line":2,"column":58}},"2":{"start":{"line":3,"column":15},"end":{"line":3,"column":32}},"3":{"start":{"line":4,"column":13},"end":{"line":4,"column":28}},"4":{"start":{"line":5,"column":15},"end":{"line":5,"column":44}},"5":{"start":{"line":6,"column":15},"end":{"line":6,"column":38}},"6":{"start":{"line":7,"column":23},"end":{"line":7,"column":40}},"7":{"start":{"line":8,"column":12},"end":{"line":8,"column":35}},"8":{"start":{"line":10,"column":20},"end":{"line":16,"column":1}},"9":{"start":{"line":11,"column":2},"end":{"line":15,"column":4}},"10":{"start":{"line":18,"column":21},"end":{"line":25,"column":1}},"11":{"start":{"line":20,"column":18},"end":{"line":20,"column":58}},"12":{"start":{"line":21,"column":16},"end":{"line":21,"column":78}},"13":{"start":{"line":23,"column":2},"end":{"line":23,"column":69}},"14":{"start":{"line":24,"column":2},"end":{"line":24,"column":27}},"15":{"start":{"line":28,"column":15},"end":{"line":28,"column":53}},"16":{"start":{"line":29,"column":21},"end":{"line":29,"column":53}},"17":{"start":{"line":30,"column":2},"end":{"line":30,"column":49}},"18":{"start":{"line":34,"column":22},"end":{"line":34,"column":43}},"19":{"start":{"line":35,"column":20},"end":{"line":35,"column":43}},"20":{"start":{"line":36,"column":21},"end":{"line":36,"column":58}},"21":{"start":{"line":37,"column":2},"end":{"line":37,"column":55}},"22":{"start":{"line":41,"column":2},"end":{"line":41,"column":31}},"23":{"start":{"line":41,"column":17},"end":{"line":41,"column":31}},"24":{"start":{"line":42,"column":27},"end":{"line":42,"column":79}},"25":{"start":{"line":43,"column":2},"end":{"line":48,"column":3}},"26":{"start":{"line":44,"column":4},"end":{"line":47,"column":7}},"27":{"start":{"line":50,"column":2},"end":{"line":50,"column":60}},"28":{"start":{"line":51,"column":42},"end":{"line":51,"column":47}},"29":{"start":{"line":53,"column":2},"end":{"line":110,"column":3}},"30":{"start":{"line":54,"column":19},"end":{"line":89,"column":6}},"31":{"start":{"line":56,"column":22},"end":{"line":59,"column":8}},"32":{"start":{"line":62,"column":30},"end":{"line":70,"column":7}},"33":{"start":{"line":71,"column":6},"end":{"line":71,"column":58}},"34":{"start":{"line":74,"column":27},"end":{"line":86,"column":8}},"35":{"start":{"line":77,"column":50},"end":{"line":77,"column":57}},"36":{"start":{"line":88,"column":6},"end":{"line":88,"column":45}},"37":{"start":{"line":93,"column":22},"end":{"line":93,"column":57}},"38":{"start":{"line":96,"column":4},"end":{"line":96,"column":20}},"39":{"start":{"line":97,"column":4},"end":{"line":102,"column":7}},"40":{"start":{"line":103,"column":4},"end":{"line":103,"column":11}},"41":{"start":{"line":105,"column":4},"end":{"line":109,"column":5}},"42":{"start":{"line":106,"column":6},"end":{"line":106,"column":73}},"43":{"start":{"line":108,"column":6},"end":{"line":108,"column":23}},"44":{"start":{"line":114,"column":2},"end":{"line":114,"column":31}},"45":{"start":{"line":114,"column":17},"end":{"line":114,"column":31}},"46":{"start":{"line":115,"column":2},"end":{"line":119,"column":3}},"47":{"start":{"line":116,"column":4},"end":{"line":118,"column":61}},"48":{"start":{"line":121,"column":16},"end":{"line":121,"column":44}},"49":{"start":{"line":122,"column":19},"end":{"line":122,"column":36}},"50":{"start":{"line":124,"column":15},"end":{"line":124,"column":65}},"51":{"start":{"line":126,"column":21},"end":{"line":126,"column":66}},"52":{"start":{"line":128,"column":2},"end":{"line":132,"column":3}},"53":{"start":{"line":129,"column":4},"end":{"line":131,"column":50}},"54":{"start":{"line":134,"column":2},"end":{"line":153,"column":3}},"55":{"start":{"line":135,"column":4},"end":{"line":145,"column":5}},"56":{"start":{"line":136,"column":22},"end":{"line":136,"column":65}},"57":{"start":{"line":137,"column":6},"end":{"line":144,"column":7}},"58":{"start":{"line":139,"column":26},"end":{"line":139,"column":54}},"59":{"start":{"line":141,"column":8},"end":{"line":143,"column":67}},"60":{"start":{"line":146,"column":4},"end":{"line":148,"column":50}},"61":{"start":{"line":150,"column":4},"end":{"line":152,"column":38}},"62":{"start":{"line":158,"column":2},"end":{"line":158,"column":43}},"63":{"start":{"line":159,"column":2},"end":{"line":159,"column":40}},"64":{"start":{"line":163,"column":17},"end":{"line":163,"column":40}},"65":{"start":{"line":165,"column":2},"end":{"line":167,"column":3}},"66":{"start":{"line":166,"column":4},"end":{"line":166,"column":62}},"67":{"start":{"line":169,"column":15},"end":{"line":188,"column":4}},"68":{"start":{"line":190,"column":2},"end":{"line":192,"column":3}},"69":{"start":{"line":191,"column":4},"end":{"line":191,"column":63}},"70":{"start":{"line":194,"column":2},"end":{"line":194,"column":29}},"71":{"start":{"line":197,"column":0},"end":{"line":197,"column":51}}},"fnMap":{"0":{"name":"(anonymous_0)","decl":{"start":{"line":10,"column":20},"end":{"line":10,"column":21}},"loc":{"start":{"line":10,"column":29},"end":{"line":16,"column":1}},"line":10},"1":{"name":"(anonymous_1)","decl":{"start":{"line":18,"column":21},"end":{"line":18,"column":22}},"loc":{"start":{"line":18,"column":41},"end":{"line":25,"column":1}},"line":18},"2":{"name":"hashPassword","decl":{"start":{"line":27,"column":15},"end":{"line":27,"column":27}},"loc":{"start":{"line":27,"column":38},"end":{"line":31,"column":1}},"line":27},"3":{"name":"comparePassword","decl":{"start":{"line":33,"column":15},"end":{"line":33,"column":30}},"loc":{"start":{"line":33,"column":58},"end":{"line":38,"column":1}},"line":33},"4":{"name":"register","decl":{"start":{"line":40,"column":15},"end":{"line":40,"column":23}},"loc":{"start":{"line":40,"column":40},"end":{"line":111,"column":1}},"line":40},"5":{"name":"(anonymous_5)","decl":{"start":{"line":54,"column":45},"end":{"line":54,"column":46}},"loc":{"start":{"line":54,"column":59},"end":{"line":89,"column":5}},"line":54},"6":{"name":"(anonymous_6)","decl":{"start":{"line":77,"column":43},"end":{"line":77,"column":44}},"loc":{"start":{"line":77,"column":50},"end":{"line":77,"column":57}},"line":77},"7":{"name":"logon","decl":{"start":{"line":113,"column":15},"end":{"line":113,"column":20}},"loc":{"start":{"line":113,"column":31},"end":{"line":154,"column":1}},"line":113},"8":{"name":"logoff","decl":{"start":{"line":156,"column":9},"end":{"line":156,"column":15}},"loc":{"start":{"line":156,"column":26},"end":{"line":160,"column":1}},"line":156},"9":{"name":"show","decl":{"start":{"line":162,"column":15},"end":{"line":162,"column":19}},"loc":{"start":{"line":162,"column":30},"end":{"line":195,"column":1}},"line":162}},"branchMap":{"0":{"loc":{"start":{"line":41,"column":2},"end":{"line":41,"column":31}},"type":"if","locations":[{"start":{"line":41,"column":2},"end":{"line":41,"column":31}},{"start":{},"end":{}}],"line":41},"1":{"loc":{"start":{"line":43,"column":2},"end":{"line":48,"column":3}},"type":"if","locations":[{"start":{"line":43,"column":2},"end":{"line":48,"column":3}},{"start":{},"end":{}}],"line":43},"2":{"loc":{"start":{"line":105,"column":4},"end":{"line":109,"column":5}},"type":"if","locations":[{"start":{"line":105,"column":4},"end":{"line":109,"column":5}},{"start":{"line":107,"column":11},"end":{"line":109,"column":5}}],"line":105},"3":{"loc":{"start":{"line":114,"column":2},"end":{"line":114,"column":31}},"type":"if","locations":[{"start":{"line":114,"column":2},"end":{"line":114,"column":31}},{"start":{},"end":{}}],"line":114},"4":{"loc":{"start":{"line":115,"column":2},"end":{"line":119,"column":3}},"type":"if","locations":[{"start":{"line":115,"column":2},"end":{"line":119,"column":3}},{"start":{},"end":{}}],"line":115},"5":{"loc":{"start":{"line":115,"column":6},"end":{"line":115,"column":56}},"type":"binary-expr","locations":[{"start":{"line":115,"column":6},"end":{"line":115,"column":15}},{"start":{"line":115,"column":19},"end":{"line":115,"column":34}},{"start":{"line":115,"column":38},"end":{"line":115,"column":56}}],"line":115},"6":{"loc":{"start":{"line":126,"column":21},"end":{"line":126,"column":66}},"type":"binary-expr","locations":[{"start":{"line":126,"column":21},"end":{"line":126,"column":41}},{"start":{"line":126,"column":45},"end":{"line":126,"column":66}}],"line":126},"7":{"loc":{"start":{"line":128,"column":2},"end":{"line":132,"column":3}},"type":"if","locations":[{"start":{"line":128,"column":2},"end":{"line":132,"column":3}},{"start":{},"end":{}}],"line":128},"8":{"loc":{"start":{"line":128,"column":6},"end":{"line":128,"column":26}},"type":"binary-expr","locations":[{"start":{"line":128,"column":6},"end":{"line":128,"column":11}},{"start":{"line":128,"column":15},"end":{"line":128,"column":26}}],"line":128},"9":{"loc":{"start":{"line":135,"column":4},"end":{"line":145,"column":5}},"type":"if","locations":[{"start":{"line":135,"column":4},"end":{"line":145,"column":5}},{"start":{},"end":{}}],"line":135},"10":{"loc":{"start":{"line":137,"column":6},"end":{"line":144,"column":7}},"type":"if","locations":[{"start":{"line":137,"column":6},"end":{"line":144,"column":7}},{"start":{},"end":{}}],"line":137},"11":{"loc":{"start":{"line":165,"column":2},"end":{"line":167,"column":3}},"type":"if","locations":[{"start":{"line":165,"column":2},"end":{"line":167,"column":3}},{"start":{},"end":{}}],"line":165},"12":{"loc":{"start":{"line":190,"column":2},"end":{"line":192,"column":3}},"type":"if","locations":[{"start":{"line":190,"column":2},"end":{"line":192,"column":3}},{"start":{},"end":{}}],"line":190}},"s":{"0":2,"1":2,"2":2,"3":2,"4":2,"5":2,"6":2,"7":2,"8":2,"9":6,"10":2,"11":4,"12":4,"13":4,"14":4,"15":3,"16":3,"17":3,"18":3,"19":3,"20":3,"21":3,"22":3,"23":0,"24":3,"25":3,"26":0,"27":3,"28":3,"29":3,"30":3,"31":3,"32":2,"33":2,"34":2,"35":6,"36":2,"37":2,"38":2,"39":2,"40":2,"41":1,"42":1,"43":0,"44":3,"45":0,"46":3,"47":0,"48":3,"49":3,"50":3,"51":3,"52":3,"53":0,"54":3,"55":3,"56":3,"57":3,"58":2,"59":2,"60":1,"61":0,"62":2,"63":2,"64":0,"65":0,"66":0,"67":0,"68":0,"69":0,"70":0,"71":2},"f":{"0":6,"1":4,"2":3,"3":3,"4":3,"5":3,"6":6,"7":3,"8":2,"9":0},"b":{"0":[0,3],"1":[0,3],"2":[1,0],"3":[0,3],"4":[0,3],"5":[3,3,3],"6":[3,0],"7":[0,3],"8":[3,3],"9":[3,0],"10":[2,1],"11":[0,0],"12":[0,0]},"_coverageSchema":"1a1c01bbd47fc00a2c39e90264f33305004495a9","hash":"7d11389356adeb4b5452b1eb518f27b292e6d90d"}
,"/Users/lia/projects/CTD-25-26/node-homework/db/prisma.js": {"path":"/Users/lia/projects/CTD-25-26/node-homework/db/prisma.js","statementMap":{"0":{"start":{"line":1,"column":25},"end":{"line":1,"column":50}},"1":{"start":{"line":3,"column":0},"end":{"line":7,"column":1}},"2":{"start":{"line":4,"column":2},"end":{"line":4,"column":28}},"3":{"start":{"line":6,"column":2},"end":{"line":6,"column":12}},"4":{"start":{"line":8,"column":15},"end":{"line":8,"column":37}},"5":{"start":{"line":10,"column":0},"end":{"line":10,"column":24}}},"fnMap":{},"branchMap":{"0":{"loc":{"start":{"line":3,"column":0},"end":{"line":7,"column":1}},"type":"if","locations":[{"start":{"line":3,"column":0},"end":{"line":7,"column":1}},{"start":{"line":5,"column":7},"end":{"line":7,"column":1}}],"line":3},"1":{"loc":{"start":{"line":3,"column":4},"end":{"line":3,"column":66}},"type":"binary-expr","locations":[{"start":{"line":3,"column":4},"end":{"line":3,"column":25}},{"start":{"line":3,"column":29},"end":{"line":3,"column":66}}],"line":3}},"s":{"0":3,"1":3,"2":0,"3":3,"4":3,"5":3},"f":{},"b":{"0":[0,3],"1":[3,3]},"_coverageSchema":"1a1c01bbd47fc00a2c39e90264f33305004495a9","hash":"746a3a51e20e8d20352a45167da6f73bf67825f1"}
,"/Users/lia/projects/CTD-25-26/node-homework/middleware/error-handler.js": {"path":"/Users/lia/projects/CTD-25-26/node-homework/middleware/error-handler.js","statementMap":{"0":{"start":{"line":1,"column":24},"end":{"line":1,"column":52}},"1":{"start":{"line":3,"column":31},"end":{"line":26,"column":1}},"2":{"start":{"line":4,"column":2},"end":{"line":9,"column":3}},"3":{"start":{"line":6,"column":4},"end":{"line":8,"column":6}},"4":{"start":{"line":11,"column":2},"end":{"line":13,"column":3}},"5":{"start":{"line":12,"column":4},"end":{"line":12,"column":70}},"6":{"start":{"line":15,"column":2},"end":{"line":19,"column":4}},"7":{"start":{"line":21,"column":2},"end":{"line":25,"column":3}},"8":{"start":{"line":22,"column":4},"end":{"line":24,"column":50}},"9":{"start":{"line":28,"column":0},"end":{"line":28,"column":40}}},"fnMap":{"0":{"name":"(anonymous_0)","decl":{"start":{"line":3,"column":31},"end":{"line":3,"column":32}},"loc":{"start":{"line":3,"column":56},"end":{"line":26,"column":1}},"line":3}},"branchMap":{"0":{"loc":{"start":{"line":4,"column":2},"end":{"line":9,"column":3}},"type":"if","locations":[{"start":{"line":4,"column":2},"end":{"line":9,"column":3}},{"start":{},"end":{}}],"line":4},"1":{"loc":{"start":{"line":4,"column":6},"end":{"line":4,"column":54}},"type":"binary-expr","locations":[{"start":{"line":4,"column":6},"end":{"line":4,"column":33}},{"start":{"line":4,"column":37},"end":{"line":4,"column":54}}],"line":4},"2":{"loc":{"start":{"line":11,"column":2},"end":{"line":13,"column":3}},"type":"if","locations":[{"start":{"line":11,"column":2},"end":{"line":13,"column":3}},{"start":{},"end":{}}],"line":11},"3":{"loc":{"start":{"line":21,"column":2},"end":{"line":25,"column":3}},"type":"if","locations":[{"start":{"line":21,"column":2},"end":{"line":25,"column":3}},{"start":{},"end":{}}],"line":21}},"s":{"0":1,"1":1,"2":0,"3":0,"4":0,"5":0,"6":0,"7":0,"8":0,"9":1},"f":{"0":0},"b":{"0":[0,0],"1":[0,0],"2":[0,0],"3":[0,0]},"_coverageSchema":"1a1c01bbd47fc00a2c39e90264f33305004495a9","hash":"93bd7dd9576c667f2c7f1874e0403fb817867fa4"}
,"/Users/lia/projects/CTD-25-26/node-homework/middleware/jwtMiddleware.js": {"path":"/Users/lia/projects/CTD-25-26/node-homework/middleware/jwtMiddleware.js","statementMap":{"0":{"start":{"line":1,"column":12},"end":{"line":1,"column":35}},"1":{"start":{"line":2,"column":24},"end":{"line":2,"column":52}},"2":{"start":{"line":4,"column":16},"end":{"line":8,"column":1}},"3":{"start":{"line":5,"column":2},"end":{"line":7,"column":52}},"4":{"start":{"line":10,"column":0},"end":{"line":34,"column":2}},"5":{"start":{"line":11,"column":16},"end":{"line":11,"column":33}},"6":{"start":{"line":12,"column":2},"end":{"line":16,"column":3}},"7":{"start":{"line":13,"column":4},"end":{"line":13,"column":24}},"8":{"start":{"line":14,"column":9},"end":{"line":16,"column":3}},"9":{"start":{"line":15,"column":4},"end":{"line":15,"column":18}},"10":{"start":{"line":18,"column":2},"end":{"line":33,"column":5}},"11":{"start":{"line":20,"column":4},"end":{"line":22,"column":5}},"12":{"start":{"line":21,"column":6},"end":{"line":21,"column":26}},"13":{"start":{"line":23,"column":4},"end":{"line":23,"column":34}},"14":{"start":{"line":26,"column":4},"end":{"line":31,"column":5}},"15":{"start":{"line":28,"column":6},"end":{"line":30,"column":7}},"16":{"start":{"line":29,"column":8},"end":{"line":29,"column":28}},"17":{"start":{"line":32,"column":4},"end":{"line":32,"column":11}}},"fnMap":{"0":{"name":"(anonymous_0)","decl":{"start":{"line":4,"column":16},"end":{"line":4,"column":17}},"loc":{"start":{"line":4,"column":25},"end":{"line":8,"column":1}},"line":4},"1":{"name":"(anonymous_1)","decl":{"start":{"line":10,"column":17},"end":{"line":10,"column":18}},"loc":{"start":{"line":10,"column":43},"end":{"line":34,"column":1}},"line":10},"2":{"name":"(anonymous_2)","decl":{"start":{"line":18,"column":44},"end":{"line":18,"column":45}},"loc":{"start":{"line":18,"column":62},"end":{"line":33,"column":3}},"line":18}},"branchMap":{"0":{"loc":{"start":{"line":12,"column":2},"end":{"line":16,"column":3}},"type":"if","locations":[{"start":{"line":12,"column":2},"end":{"line":16,"column":3}},{"start":{"line":14,"column":9},"end":{"line":16,"column":3}}],"line":12},"1":{"loc":{"start":{"line":12,"column":6},"end":{"line":12,"column":37}},"type":"binary-expr","locations":[{"start":{"line":12,"column":6},"end":{"line":12,"column":12}},{"start":{"line":12,"column":16},"end":{"line":12,"column":37}}],"line":12},"2":{"loc":{"start":{"line":14,"column":9},"end":{"line":16,"column":3}},"type":"if","locations":[{"start":{"line":14,"column":9},"end":{"line":16,"column":3}},{"start":{},"end":{}}],"line":14},"3":{"loc":{"start":{"line":20,"column":4},"end":{"line":22,"column":5}},"type":"if","locations":[{"start":{"line":20,"column":4},"end":{"line":22,"column":5}},{"start":{},"end":{}}],"line":20},"4":{"loc":{"start":{"line":26,"column":4},"end":{"line":31,"column":5}},"type":"if","locations":[{"start":{"line":26,"column":4},"end":{"line":31,"column":5}},{"start":{},"end":{}}],"line":26},"5":{"loc":{"start":{"line":28,"column":6},"end":{"line":30,"column":7}},"type":"if","locations":[{"start":{"line":28,"column":6},"end":{"line":30,"column":7}},{"start":{},"end":{}}],"line":28}},"s":{"0":2,"1":2,"2":2,"3":4,"4":2,"5":7,"6":7,"7":2,"8":5,"9":0,"10":5,"11":5,"12":1,"13":4,"14":4,"15":3,"16":1,"17":3},"f":{"0":4,"1":7,"2":5},"b":{"0":[2,5],"1":[7,2],"2":[0,5],"3":[1,4],"4":[3,1],"5":[1,2]},"_coverageSchema":"1a1c01bbd47fc00a2c39e90264f33305004495a9","hash":"9d0cbb74063e541d8a0c99ea052908d1731eaff8"}
,"/Users/lia/projects/CTD-25-26/node-homework/middleware/not-found.js": {"path":"/Users/lia/projects/CTD-25-26/node-homework/middleware/not-found.js","statementMap":{"0":{"start":{"line":1,"column":24},"end":{"line":1,"column":52}},"1":{"start":{"line":3,"column":29},"end":{"line":7,"column":1}},"2":{"start":{"line":4,"column":2},"end":{"line":6,"column":57}},"3":{"start":{"line":9,"column":0},"end":{"line":9,"column":38}}},"fnMap":{"0":{"name":"(anonymous_0)","decl":{"start":{"line":3,"column":29},"end":{"line":3,"column":30}},"loc":{"start":{"line":3,"column":43},"end":{"line":7,"column":1}},"line":3}},"branchMap":{},"s":{"0":1,"1":1,"2":0,"3":1},"f":{"0":0},"b":{},"_coverageSchema":"1a1c01bbd47fc00a2c39e90264f33305004495a9","hash":"3991940900c3d28050002c9c3396a7fb32882274"}
,"/Users/lia/projects/CTD-25-26/node-homework/routes/analyticsRoutes.js": {"path":"/Users/lia/projects/CTD-25-26/node-homework/routes/analyticsRoutes.js","statementMap":{"0":{"start":{"line":1,"column":16},"end":{"line":1,"column":34}},"1":{"start":{"line":2,"column":22},"end":{"line":2,"column":60}},"2":{"start":{"line":8,"column":4},"end":{"line":8,"column":49}},"3":{"start":{"line":10,"column":15},"end":{"line":10,"column":31}},"4":{"start":{"line":11,"column":0},"end":{"line":11,"column":26}},"5":{"start":{"line":12,"column":0},"end":{"line":12,"column":49}},"6":{"start":{"line":13,"column":0},"end":{"line":13,"column":46}},"7":{"start":{"line":14,"column":0},"end":{"line":14,"column":47}},"8":{"start":{"line":16,"column":0},"end":{"line":16,"column":24}}},"fnMap":{},"branchMap":{},"s":{"0":1,"1":1,"2":1,"3":1,"4":1,"5":1,"6":1,"7":1,"8":1},"f":{},"b":{},"_coverageSchema":"1a1c01bbd47fc00a2c39e90264f33305004495a9","hash":"154142fd5eb8a2cec882002aeb156662ff8eed9a"}
,"/Users/lia/projects/CTD-25-26/node-homework/routes/taskRoutes.js": {"path":"/Users/lia/projects/CTD-25-26/node-homework/routes/taskRoutes.js","statementMap":{"0":{"start":{"line":1,"column":16},"end":{"line":1,"column":34}},"1":{"start":{"line":2,"column":22},"end":{"line":2,"column":60}},"2":{"start":{"line":11,"column":4},"end":{"line":11,"column":44}},"3":{"start":{"line":13,"column":15},"end":{"line":13,"column":31}},"4":{"start":{"line":14,"column":0},"end":{"line":14,"column":26}},"5":{"start":{"line":15,"column":0},"end":{"line":15,"column":29}},"6":{"start":{"line":16,"column":0},"end":{"line":16,"column":39}},"7":{"start":{"line":17,"column":0},"end":{"line":17,"column":31}},"8":{"start":{"line":18,"column":0},"end":{"line":18,"column":31}},"9":{"start":{"line":19,"column":0},"end":{"line":19,"column":40}},"10":{"start":{"line":20,"column":0},"end":{"line":20,"column":35}},"11":{"start":{"line":22,"column":0},"end":{"line":22,"column":24}}},"fnMap":{},"branchMap":{},"s":{"0":1,"1":1,"2":1,"3":1,"4":1,"5":1,"6":1,"7":1,"8":1,"9":1,"10":1,"11":1},"f":{},"b":{},"_coverageSchema":"1a1c01bbd47fc00a2c39e90264f33305004495a9","hash":"5af12cb19f7be354df9690c3f4680efdc82e8548"}
,"/Users/lia/projects/CTD-25-26/node-homework/routes/userRoutes.js": {"path":"/Users/lia/projects/CTD-25-26/node-homework/routes/userRoutes.js","statementMap":{"0":{"start":{"line":1,"column":16},"end":{"line":1,"column":34}},"1":{"start":{"line":2,"column":22},"end":{"line":2,"column":60}},"2":{"start":{"line":9,"column":4},"end":{"line":9,"column":44}},"3":{"start":{"line":11,"column":15},"end":{"line":11,"column":31}},"4":{"start":{"line":12,"column":0},"end":{"line":12,"column":41}},"5":{"start":{"line":13,"column":0},"end":{"line":13,"column":35}},"6":{"start":{"line":15,"column":0},"end":{"line":15,"column":26}},"7":{"start":{"line":16,"column":0},"end":{"line":16,"column":37}},"8":{"start":{"line":17,"column":0},"end":{"line":17,"column":31}},"9":{"start":{"line":19,"column":0},"end":{"line":19,"column":24}}},"fnMap":{},"branchMap":{},"s":{"0":1,"1":1,"2":1,"3":1,"4":1,"5":1,"6":1,"7":1,"8":1,"9":1},"f":{},"b":{},"_coverageSchema":"1a1c01bbd47fc00a2c39e90264f33305004495a9","hash":"dbec64e4cc0d640e6d58058b89575628f5aaada7"}
,"/Users/lia/projects/CTD-25-26/node-homework/test/waitForRouteHandlerCompletion.js": {"path":"/Users/lia/projects/CTD-25-26/node-homework/test/waitForRouteHandlerCompletion.js","statementMap":{"0":{"start":{"line":1,"column":38},"end":{"line":15,"column":1}},"1":{"start":{"line":3,"column":18},"end":{"line":11,"column":4}},"2":{"start":{"line":4,"column":4},"end":{"line":7,"column":7}},"3":{"start":{"line":5,"column":6},"end":{"line":5,"column":38}},"4":{"start":{"line":5,"column":17},"end":{"line":5,"column":38}},"5":{"start":{"line":6,"column":6},"end":{"line":6,"column":16}},"6":{"start":{"line":8,"column":4},"end":{"line":10,"column":7}},"7":{"start":{"line":9,"column":6},"end":{"line":9,"column":16}},"8":{"start":{"line":12,"column":2},"end":{"line":12,"column":29}},"9":{"start":{"line":13,"column":2},"end":{"line":13,"column":16}},"10":{"start":{"line":14,"column":2},"end":{"line":14,"column":14}},"11":{"start":{"line":16,"column":0},"end":{"line":16,"column":47}}},"fnMap":{"0":{"name":"(anonymous_0)","decl":{"start":{"line":1,"column":38},"end":{"line":1,"column":39}},"loc":{"start":{"line":1,"column":64},"end":{"line":15,"column":1}},"line":1},"1":{"name":"(anonymous_1)","decl":{"start":{"line":3,"column":30},"end":{"line":3,"column":31}},"loc":{"start":{"line":3,"column":51},"end":{"line":11,"column":3}},"line":3},"2":{"name":"(anonymous_2)","decl":{"start":{"line":4,"column":19},"end":{"line":4,"column":20}},"loc":{"start":{"line":4,"column":30},"end":{"line":7,"column":5}},"line":4},"3":{"name":"(anonymous_3)","decl":{"start":{"line":8,"column":21},"end":{"line":8,"column":22}},"loc":{"start":{"line":8,"column":27},"end":{"line":10,"column":5}},"line":8}},"branchMap":{"0":{"loc":{"start":{"line":5,"column":6},"end":{"line":5,"column":38}},"type":"if","locations":[{"start":{"line":5,"column":6},"end":{"line":5,"column":38}},{"start":{},"end":{}}],"line":5}},"s":{"0":2,"1":22,"2":22,"3":2,"4":1,"5":1,"6":22,"7":18,"8":22,"9":20,"10":19,"11":2},"f":{"0":22,"1":22,"2":2,"3":18},"b":{"0":[1,1]},"_coverageSchema":"1a1c01bbd47fc00a2c39e90264f33305004495a9","hash":"ec35d51dd4244895b3b015648d5bff5ba3091f9f"}
,"/Users/lia/projects/CTD-25-26/node-homework/validation/querySchema.js": {"path":"/Users/lia/projects/CTD-25-26/node-homework/validation/querySchema.js","statementMap":{"0":{"start":{"line":1,"column":12},"end":{"line":1,"column":26}},"1":{"start":{"line":3,"column":20},"end":{"line":7,"column":2}},"2":{"start":{"line":9,"column":0},"end":{"line":9,"column":33}}},"fnMap":{},"branchMap":{},"s":{"0":2,"1":2,"2":2},"f":{},"b":{},"_coverageSchema":"1a1c01bbd47fc00a2c39e90264f33305004495a9","hash":"5a5bd2b30b83478a8ab9273f3b5f1c51ce090d64"}
,"/Users/lia/projects/CTD-25-26/node-homework/validation/taskSchema.js": {"path":"/Users/lia/projects/CTD-25-26/node-homework/validation/taskSchema.js","statementMap":{"0":{"start":{"line":1,"column":12},"end":{"line":1,"column":26}},"1":{"start":{"line":3,"column":19},"end":{"line":10,"column":2}},"2":{"start":{"line":12,"column":24},"end":{"line":18,"column":53}},"3":{"start":{"line":20,"column":0},"end":{"line":20,"column":49}}},"fnMap":{},"branchMap":{},"s":{"0":3,"1":3,"2":3,"3":3},"f":{},"b":{},"_coverageSchema":"1a1c01bbd47fc00a2c39e90264f33305004495a9","hash":"f10515c6fd81ba6159cbd44a8c818967dd211a35"}
,"/Users/lia/projects/CTD-25-26/node-homework/validation/userSchema.js": {"path":"/Users/lia/projects/CTD-25-26/node-homework/validation/userSchema.js","statementMap":{"0":{"start":{"line":1,"column":12},"end":{"line":1,"column":26}},"1":{"start":{"line":3,"column":19},"end":{"line":15,"column":2}},"2":{"start":{"line":17,"column":0},"end":{"line":17,"column":32}}},"fnMap":{},"branchMap":{},"s":{"0":3,"1":3,"2":3},"f":{},"b":{},"_coverageSchema":"1a1c01bbd47fc00a2c39e90264f33305004495a9","hash":"3a95e9e7f855a3439cd94137fb835ece785d585f"}
}
