TN:
SF:app.js
FN:30,(anonymous_0)
FN:37,(anonymous_1)
FN:56,(anonymous_2)
FN:60,(anonymous_3)
FN:70,shutdown
FN:75,(anonymous_5)
FN:89,(anonymous_6)
FN:90,(anonymous_7)
FN:91,(anonymous_8)
FN:95,(anonymous_9)
FNF:10
FNH:2
FNDA:5,(anonymous_0)
FNDA:0,(anonymous_1)
FNDA:1,(anonymous_2)
FNDA:0,(anonymous_3)
FNDA:0,shutdown
FNDA:0,(anonymous_5)
FNDA:0,(anonymous_6)
FNDA:0,(anonymous_7)
FNDA:0,(anonymous_8)
FNDA:0,(anonymous_9)
DA:1,1
DA:2,1
DA:3,1
DA:4,1
DA:5,1
DA:6,1
DA:7,1
DA:8,1
DA:9,1
DA:10,1
DA:11,1
DA:13,1
DA:14,1
DA:16,1
DA:23,1
DA:25,1
DA:26,1
DA:28,1
DA:30,1
DA:31,5
DA:32,5
DA:33,5
DA:34,5
DA:37,1
DA:38,0
DA:39,0
DA:40,0
DA:42,0
DA:48,1
DA:49,1
DA:50,1
DA:52,1
DA:53,1
DA:55,1
DA:56,1
DA:57,1
DA:60,1
DA:61,0
DA:62,0
DA:64,0
DA:66,0
DA:69,1
DA:71,0
DA:72,0
DA:73,0
DA:74,0
DA:75,0
DA:76,0
DA:77,0
DA:78,0
DA:81,0
DA:82,0
DA:84,0
DA:85,0
DA:89,1
DA:90,1
DA:91,1
DA:92,0
DA:93,0
DA:95,1
DA:96,0
DA:97,0
DA:100,1
LF:63
LH:39
BRDA:55,0,0,1
BRDA:55,0,1,1
BRDA:61,1,0,0
BRDA:61,1,1,0
BRDA:70,2,0,0
BRDA:71,3,0,0
BRDA:71,3,1,0
BRF:7
BRH:2
end_of_record
TN:
SF:controllers/analyticsController.js
FN:3,getUserAnalytics
FN:64,getUsersWithStats
FN:103,(anonymous_2)
FN:131,searchTasks
FNF:4
FNH:0
FNDA:0,getUserAnalytics
FNDA:0,getUsersWithStats
FNDA:0,(anonymous_2)
FNDA:0,searchTasks
DA:1,1
DA:4,0
DA:5,0
DA:6,0
DA:11,0
DA:12,0
DA:16,0
DA:25,0
DA:43,0
DA:44,0
DA:47,0
DA:56,0
DA:61,0
DA:68,0
DA:69,0
DA:70,0
DA:73,0
DA:75,0
DA:76,0
DA:84,0
DA:103,0
DA:113,0
DA:115,0
DA:125,0
DA:132,0
DA:133,0
DA:134,0
DA:140,0
DA:143,0
DA:144,0
DA:145,0
DA:148,0
DA:174,0
DA:181,1
LF:34
LH:2
BRDA:5,0,0,0
BRDA:5,0,1,0
BRDA:11,1,0,0
BRDA:11,1,1,0
BRDA:68,2,0,0
BRDA:68,2,1,0
BRDA:69,3,0,0
BRDA:69,3,1,0
BRDA:75,4,0,0
BRDA:75,4,1,0
BRDA:133,5,0,0
BRDA:133,5,1,0
BRDA:133,6,0,0
BRDA:133,6,1,0
BRDA:140,7,0,0
BRDA:140,7,1,0
BRF:16
BRH:0
end_of_record
TN:
SF:controllers/taskController.js
FN:7,createDynamicSelect
FN:10,(anonymous_1)
FN:19,index
FN:50,(anonymous_3)
FN:120,show
FN:158,create
FN:179,deleteTask
FN:205,update
FN:241,bulkCreate
FNF:9
FNH:5
FNDA:0,createDynamicSelect
FNDA:0,(anonymous_1)
FNDA:5,index
FNDA:0,(anonymous_3)
FNDA:2,show
FNDA:3,create
FNDA:2,deleteTask
FNDA:2,update
FNDA:0,bulkCreate
DA:1,2
DA:2,2
DA:3,2
DA:5,2
DA:8,0
DA:9,0
DA:10,0
DA:11,0
DA:13,0
DA:16,0
DA:20,5
DA:25,5
DA:26,0
DA:30,5
DA:32,5
DA:35,5
DA:37,4
DA:38,0
DA:47,4
DA:48,0
DA:49,0
DA:51,0
DA:54,0
DA:59,4
DA:68,4
DA:70,4
DA:86,4
DA:87,2
DA:92,2
DA:97,2
DA:107,2
DA:112,0
DA:113,0
DA:115,0
DA:121,2
DA:122,2
DA:123,0
DA:127,2
DA:128,2
DA:146,2
DA:147,1
DA:148,1
DA:150,0
DA:151,0
DA:153,0
DA:159,3
DA:160,3
DA:161,3
DA:162,0
DA:164,3
DA:165,3
DA:167,2
DA:168,2
DA:169,2
DA:173,1
DA:175,1
DA:180,2
DA:181,2
DA:182,0
DA:187,2
DA:188,2
DA:195,1
DA:197,1
DA:198,1
DA:200,0
DA:206,2
DA:207,2
DA:210,2
DA:211,0
DA:215,2
DA:216,2
DA:217,0
DA:222,2
DA:223,2
DA:231,1
DA:233,1
DA:234,1
DA:236,0
DA:243,0
DA:246,0
DA:247,0
DA:253,0
DA:254,0
DA:255,0
DA:256,0
DA:257,0
DA:262,0
DA:271,0
DA:272,0
DA:277,0
DA:283,0
DA:287,2
LF:92
LH:54
BRDA:8,0,0,0
BRDA:8,0,1,0
BRDA:25,1,0,0
BRDA:25,1,1,5
BRDA:37,2,0,0
BRDA:37,2,1,4
BRDA:47,3,0,0
BRDA:47,3,1,4
BRDA:49,4,0,0
BRDA:49,4,1,0
BRDA:86,5,0,2
BRDA:86,5,1,2
BRDA:112,6,0,0
BRDA:112,6,1,0
BRDA:122,7,0,0
BRDA:122,7,1,2
BRDA:146,8,0,1
BRDA:146,8,1,1
BRDA:150,9,0,0
BRDA:150,9,1,0
BRDA:159,10,0,0
BRDA:159,10,1,3
BRDA:161,11,0,0
BRDA:161,11,1,3
BRDA:181,12,0,0
BRDA:181,12,1,2
BRDA:197,13,0,1
BRDA:197,13,1,0
BRDA:206,14,0,0
BRDA:206,14,1,2
BRDA:210,15,0,0
BRDA:210,15,1,2
BRDA:216,16,0,0
BRDA:216,16,1,2
BRDA:233,17,0,1
BRDA:233,17,1,0
BRDA:246,18,0,0
BRDA:246,18,1,0
BRDA:246,19,0,0
BRDA:246,19,1,0
BRDA:246,19,2,0
BRDA:256,20,0,0
BRDA:256,20,1,0
BRDA:264,21,0,0
BRDA:264,21,1,0
BRDA:265,22,0,0
BRDA:265,22,1,0
BRF:47
BRH:16
end_of_record
TN:
SF:controllers/userController.js
FN:10,(anonymous_0)
FN:18,(anonymous_1)
FN:27,hashPassword
FN:33,comparePassword
FN:40,register
FN:54,(anonymous_5)
FN:77,(anonymous_6)
FN:113,logon
FN:156,logoff
FN:162,show
FNF:10
FNH:9
FNDA:6,(anonymous_0)
FNDA:4,(anonymous_1)
FNDA:3,hashPassword
FNDA:3,comparePassword
FNDA:3,register
FNDA:3,(anonymous_5)
FNDA:6,(anonymous_6)
FNDA:3,logon
FNDA:2,logoff
FNDA:0,show
DA:1,2
DA:2,2
DA:3,2
DA:4,2
DA:5,2
DA:6,2
DA:7,2
DA:8,2
DA:10,2
DA:11,6
DA:18,2
DA:20,4
DA:21,4
DA:23,4
DA:24,4
DA:28,3
DA:29,3
DA:30,3
DA:34,3
DA:35,3
DA:36,3
DA:37,3
DA:41,3
DA:42,3
DA:43,3
DA:44,0
DA:50,3
DA:51,3
DA:53,3
DA:54,3
DA:56,3
DA:62,2
DA:71,2
DA:74,2
DA:77,6
DA:88,2
DA:93,2
DA:96,2
DA:97,2
DA:103,2
DA:105,1
DA:106,1
DA:108,0
DA:114,3
DA:115,3
DA:116,0
DA:121,3
DA:122,3
DA:124,3
DA:126,3
DA:128,3
DA:129,0
DA:134,3
DA:135,3
DA:136,3
DA:137,3
DA:139,2
DA:141,2
DA:146,1
DA:150,0
DA:158,2
DA:159,2
DA:163,0
DA:165,0
DA:166,0
DA:169,0
DA:190,0
DA:191,0
DA:194,0
DA:197,2
LF:70
LH:58
BRDA:41,0,0,0
BRDA:41,0,1,3
BRDA:43,1,0,0
BRDA:43,1,1,3
BRDA:105,2,0,1
BRDA:105,2,1,0
BRDA:114,3,0,0
BRDA:114,3,1,3
BRDA:115,4,0,0
BRDA:115,4,1,3
BRDA:115,5,0,3
BRDA:115,5,1,3
BRDA:115,5,2,3
BRDA:126,6,0,3
BRDA:126,6,1,0
BRDA:128,7,0,0
BRDA:128,7,1,3
BRDA:128,8,0,3
BRDA:128,8,1,3
BRDA:135,9,0,3
BRDA:135,9,1,0
BRDA:137,10,0,2
BRDA:137,10,1,1
BRDA:165,11,0,0
BRDA:165,11,1,0
BRDA:190,12,0,0
BRDA:190,12,1,0
BRF:27
BRH:15
end_of_record
TN:
SF:db/prisma.js
FNF:0
FNH:0
DA:1,3
DA:3,3
DA:4,0
DA:6,3
DA:8,3
DA:10,3
LF:6
LH:5
BRDA:3,0,0,0
BRDA:3,0,1,3
BRDA:3,1,0,3
BRDA:3,1,1,3
BRF:4
BRH:3
end_of_record
TN:
SF:middleware/error-handler.js
FN:3,(anonymous_0)
FNF:1
FNH:0
FNDA:0,(anonymous_0)
DA:1,1
DA:3,1
DA:4,0
DA:6,0
DA:11,0
DA:12,0
DA:15,0
DA:21,0
DA:22,0
DA:28,1
LF:10
LH:3
BRDA:4,0,0,0
BRDA:4,0,1,0
BRDA:4,1,0,0
BRDA:4,1,1,0
BRDA:11,2,0,0
BRDA:11,2,1,0
BRDA:21,3,0,0
BRDA:21,3,1,0
BRF:8
BRH:0
end_of_record
TN:
SF:middleware/jwtMiddleware.js
FN:4,(anonymous_0)
FN:10,(anonymous_1)
FN:18,(anonymous_2)
FNF:3
FNH:3
FNDA:4,(anonymous_0)
FNDA:7,(anonymous_1)
FNDA:5,(anonymous_2)
DA:1,2
DA:2,2
DA:4,2
DA:5,4
DA:10,2
DA:11,7
DA:12,7
DA:13,2
DA:14,5
DA:15,0
DA:18,5
DA:20,5
DA:21,1
DA:23,4
DA:26,4
DA:28,3
DA:29,1
DA:32,3
LF:18
LH:17
BRDA:12,0,0,2
BRDA:12,0,1,5
BRDA:12,1,0,7
BRDA:12,1,1,2
BRDA:14,2,0,0
BRDA:14,2,1,5
BRDA:20,3,0,1
BRDA:20,3,1,4
BRDA:26,4,0,3
BRDA:26,4,1,1
BRDA:28,5,0,1
BRDA:28,5,1,2
BRF:12
BRH:11
end_of_record
TN:
SF:middleware/not-found.js
FN:3,(anonymous_0)
FNF:1
FNH:0
FNDA:0,(anonymous_0)
DA:1,1
DA:3,1
DA:4,0
DA:9,1
LF:4
LH:3
BRF:0
BRH:0
end_of_record
TN:
SF:routes/analyticsRoutes.js
FNF:0
FNH:0
DA:1,1
DA:2,1
DA:8,1
DA:10,1
DA:11,1
DA:12,1
DA:13,1
DA:14,1
DA:16,1
LF:9
LH:9
BRF:0
BRH:0
end_of_record
TN:
SF:routes/taskRoutes.js
FNF:0
FNH:0
DA:1,1
DA:2,1
DA:11,1
DA:13,1
DA:14,1
DA:15,1
DA:16,1
DA:17,1
DA:18,1
DA:19,1
DA:20,1
DA:22,1
LF:12
LH:12
BRF:0
BRH:0
end_of_record
TN:
SF:routes/userRoutes.js
FNF:0
FNH:0
DA:1,1
DA:2,1
DA:9,1
DA:11,1
DA:12,1
DA:13,1
DA:15,1
DA:16,1
DA:17,1
DA:19,1
LF:10
LH:10
BRF:0
BRH:0
end_of_record
TN:
SF:test/waitForRouteHandlerCompletion.js
FN:1,(anonymous_0)
FN:3,(anonymous_1)
FN:4,(anonymous_2)
FN:8,(anonymous_3)
FNF:4
FNH:4
FNDA:22,(anonymous_0)
FNDA:22,(anonymous_1)
FNDA:2,(anonymous_2)
FNDA:18,(anonymous_3)
DA:1,2
DA:3,22
DA:4,22
DA:5,2
DA:6,1
DA:8,22
DA:9,18
DA:12,22
DA:13,20
DA:14,19
DA:16,2
LF:11
LH:11
BRDA:5,0,0,1
BRDA:5,0,1,1
BRF:2
BRH:2
end_of_record
TN:
SF:validation/querySchema.js
FNF:0
FNH:0
DA:1,2
DA:3,2
DA:9,2
LF:3
LH:3
BRF:0
BRH:0
end_of_record
TN:
SF:validation/taskSchema.js
FNF:0
FNH:0
DA:1,3
DA:3,3
DA:12,3
DA:20,3
LF:4
LH:4
BRF:0
BRH:0
end_of_record
TN:
SF:validation/userSchema.js
FNF:0
FNH:0
DA:1,3
DA:3,3
DA:17,3
LF:3
LH:3
BRF:0
BRH:0
end_of_record
